dnl @ ../doc/m4.texinfo:2099: Origin of test
traceoff(`foo')
dnl @result{}
traceon(`foo')
dnl @result{}
foo
dnl @result{}foo
define(`foo', `bar')
dnl @result{}
foo
dnl @error{}m4trace: -1- foo -> `bar'
dnl @result{}bar
undefine(`foo')
dnl @result{}
ifdef(`foo', `yes', `no')
dnl @result{}no
indir(`foo')
dnl @error{}stdin:8: m4: undefined macro `foo'
dnl @result{}
define(`foo', `blah')
dnl @result{}
foo
dnl @error{}m4trace: -1- foo -> `blah'
dnl @result{}blah
traceoff
dnl @result{}
foo
dnl @result{}blah
